n-é-verbo	Bem , nós temos várias propostas para diversas áreas , mas uma coisa é certa : visto o nosso país pertencer à União Europeia , a nossa acção e os resultados que possam alcançar são muito restritos .
ver	Só se for do futuro ; porque nunca me recordo na minha existência de ter visto o meu Povo tão .
ver	A descolonização , que na minha opinião foi , com todas as condicionantes e feridas que deixou , a possível na conjuntura universal da época , deixa-nos a todos tristes porque gostaríamos de ter visto os povos irmãos em paz e desenvolvimento .
ver	O clima de terror e intimidação é visto com preocupação já que pode comprometer a democraticidade da consulta popular prevista para o início de Agosto .
ver	chuva que já se terá visto em Lisboa .
n-é-verbo	Os bombardeamentos serão intensificados , com o aumento considerável dos mortos civis e provavelmente também a morte dos primeiros pilotos da Nato (visto que terão de começar a voar mais baixo) .
ver	Mas é indispensável que , no dia 13 de Junho , a luta continue , que o dia das eleições seja visto como uma jornada de luta em que a arma essencial dos trabalhadores e das populações na defesa dos seus direitos é o voto -- o voto em quem , todos os dias , no Parlamento Europeu , na Assembleia da República , nas Autarquias , nos Sindicatos e CT 's. .., está ao lado dos trabalhadores , do povo e do país -- o voto na CDU .
ver	se justifique contarmos hoje que , nesse mesmo dia , escrevemos a E.P.C estranhando que ele « curiosamente nunca tenha visto nenhum esforço de « demolição » do PCP por parte do « Bloco de Esquerda » , o que « .
ver	Tudo visto , é hora de confirmar o que já de principio se sabia : que não têm mistério nenhum muitos dos « mistérios » que estão compondo a galáxia de futilidade , de truques artificiosos , e de gritante hostilidade e ostensivo preconceito contra o PCP e a CDU e de fuga premeditada das realidades e problemas mais cruciais que deviam estar sob atento exame e vigoroso debate , a que alguns querem reduzir a campanha para o Parlamento Europeu .
n-é-verbo	do seu regresso compulsivo a Luanda : Os argumentos invocados para a recusa de entrada foram a « falta de visto adequado à finalidade da deslocação » , a « falta de meios de subsistência suficientes para o período da estada .
ver	Tenho imensa pena de não ter visto um único deputado do PS manifestar-se contra , por exemplo , o encerramento da Maternidade do Hospital de Ovar .
ver	Estava visto que João Cravinho , ministro do Equipamento , Planeamento e Administração do Território , seria transformado no principal alvo da intervenção de Castro Almeida .
ver	Tenho visto tanta coisa ...
ver	Admitindo que tem lido e investigado muito sobre esta matéria , Isabel Segadães comentou ainda que « a verdade é que se têm visto actos desta natureza um pouco por todo o mundo e espelham uma tendência do ser humano para comportamentos desviantes e negativos neste fim de século .
ver	Muito embora tenha visto o seu nome a ser o eleito pelos militantes , Gonçalo Breda prefere não equacionar cenários , relativamente ao lugar que vai ocupar na lista .
ver	Afirmando-se muito revoltada com a inoperância da Câmara , garante que chegou a travar conversas directas com o filho do actual proprietário da casa em ruínas , « mas de nada serviu , agora até evita passar por aqui para que não seja visto e importunado sobre este assunto » , disse , adiantando que no Natal chegou a contactar com o actual presidente da câmara , Alberto Souto , e chamá-lo à atenção para aquela « mau aspecto » , « ele ficou solidário com a nossa mágoa e admitiu que era uma vergonha para a cidade , resta agora saber o que vai fazer » .
ver	Ou seja , depois do PSD passar o mandato do ministro João Cravinho a dizer que o Governo « não fez um quilómetro de estrada no distrito » , está visto qual será o tema de campanha do PSD contra João Cravinho .
ver	Segundo informação do comandante da Capitania do porto de Aveiro , Branco Toscano , cerca das 19h00 um barco salva-vidas seguiu para o local onde o náufrago terá sido visto pela última vez .
ver	De fora ficaram Konadu , cumpre castigo federativo por ter visto o cartão vermelho , por acumulação de amarelos , nas Antas , frente aos « dragões , Jorge Neves , suspenso devido ao alegado caso « doping » , Caetano e Miguel Angelo que se encontram lesionados .
ver	Em 50 dias , o meu partido foi visto numa situação em que tinha de reconverter o seu discurso , a sua estratégia e os seus meios para enfrentar uma eleição .
n-é-verbo	Ao final da tarde de ontem não se sabia igualmente se o indivíduo tinha visto para trabalhar em Portugal , ou se teria qualquer tipo de contrato de trabalho .
ver	« Como aqueles meses são de férias para a maior parte dos jovens , inclinamo-nos para a possibilidade de alguém ter visto o funcionário a inserir a « password » para depois a utilizarem a partir de casa » , aponta .
ver	A este quadro de revolta junta a emoção de ter visto timorenses a percorrerem 500 quilómetros para irem votar e , ao mesmo tempo , de saber -- sem poder fazer nada -- que no centro de votação onde esteve , 300 timorenses foram forçados , dias antes do referendo , a rumarem para a zona Norte da Ilha , relevando que « a Indonésia maquinou isto o tempo todo » .
ver	« A.ensação é óptima , nunca os tinha visto ao vivo » , confirma , quase sem palavras , Ana Semedo .
ver	Já na parte do encontro com a imprensa , António Sousa disse que a equipa do Vitesse é muito forte e que retirou essa conclusão depois de ter visto o vídeo do jogo com PSV e de ter recebido informações do seu adjunto Antonino Fonseca , que assistiu à partida da última jornada , entre o Vitesse e o Twente .
n-é-verbo	A solução de recurso , e visto que o casal começava já a acumular peças em caixotes , foi ceder a colecção ao grupo (a cuja direcção pertencem) por um preço simbólico .
ver	O Vitesse ia sentindo algumas dificuldades para chegar à baliza de Palatsi , cabendo a Riga criar alguns lances pelo lado direito , mas que Cristiano , com maior ou menor dificuldade ia resolvendo , não sem antes ter visto o cartão amarelo , por falta cometida sobre o irrequieto avançado holandês .
ver	A primeira traduziu-se no elenco repleto de « colunáveis » que acompanhou o cabeça-de-lista do partido , João Cravinho , durante o périplo pela feira de Eixo e pelo Hospital Distrital de Aveiro , conferindo um peso político à caravana socialista como ainda não se tinha visto nesta campanha para as legislativas de 10 de Outubro .
ver	E , pelos visto , tinha razão , da mesma forma que estava do seu lado a verdade quando dizia -- e repetiu-o por diversas vezes durante a campanha eleitoral -- que o seu sucessor iria ter muitas obras para inaugurar em Aveiro .
ver	De fora , relativamente à última convocatória , ficaram o avançado Fary ao serviço da selecção do Senegal , Fusco que cumpre um jogo de castigo por ter visto o quinto cartão amarelo frente ao Imortal e ainda Elísio e Edgar por opção técnica .
ver	Até ao momento , como é que tem visto a prestação das equipas portuguesas nas competições europeias durante esta época ?
ver	Fusco que já tinha visto o cartão amarelo , foi excluído do jogo e os dados deste alteraram-se de forma notória .
ver	No jogo contra o Chaves , o jogador Laranjo que já tinha visto o cartão amarelo , fez penalty sobre o Fernando Aguiar , mas aí , o árbitro Vítor Pereira não lhe mostrou o segundo cartão , a que corresponderia a inerente expulsão .
ver	O « capitão » Fusco , que vai cumprir um jogo de castigo por ter visto o cartão vermelho , por acumulação de amarelos , no jogo frente ao União de Lamas , também irá estar ausente .
ver	E não tenho visto que os pobres tenham diminuído , pelo contrário .
ver	Roubando várias bolas ao ataque do Gafanha e equilibrando a luta pelos ressaltos , as meninas da casa acreditaram mais em si próprias , impuseram outra velocidade na saída para o ataque e , depois de terem visto a diferença chegar a treze pontos , empataram o jogo a cerca de um minuto do intervalo .
ver	O avançado senegalês Fary Faye vai ser o grande ausente no jogo do próximo domingo , no Mário Duarte , frente ao Freamunde , por ter de cumprir um jogo de castigo , em virtude de ter visto o quinto cartão amarelo , no passado domingo , frente à Naval .
ver	Totalmente rendidos , os elementos do júri confessaram nunca ter visto nada assim e mais uma vez ficou provado que o imaginário infantil não tem limites .
ver	A socialista Virgínia Veiga considera preocupante o tipo de sinalização , disse já ter visto pessoas a tropeçarem , acrescentando ainda haver uma « promiscuidade excessiva entre o pedonal e o ciclável » .
ver	Admitindo que « não se tem visto tantas bugas como gostaríamos » , apontou para a chuva como responsável pela baixa adesão e falou das correcções feitas nos separadores e a abertura para alterações na sinalética mas espera pela contribuição da educação dos utentes na utilização da bicicleta .
n-é-verbo	Quanto ao facto dos refugiados poderem vir a perder o apoio financeiro cedido pelo Centro Regional , José Valente disse que essa decisão ainda não tinha sido tomada , contudo , e visto tratar-se de uma quantia reduzida , não encontra qualquer problema em continuar a ajudar os kosovares .
ver	Depois , bem depois foi a alegria de entrar em 2000, com a cidade engalanada por um fogo de artifício nunca antes visto « Isto vai ser uma festa de arromba » .
ver	Ao que o nosso jornal conseguiu apurar , Celso Cruzeiro , o causídico responsável pela defesa do médico , terá visto o seu cliente ser libertado no passado dia 5, aguardando , agora , o julgamento em regime de liberdade condicional Não é a primeira vez que o médico conhece uma detenção na prisão aveirense .
ver	« Um director-geral que perdeu » e o levantamento do embargo , à carne de vaca portuguesa , « profundamente injusto visto sobre qualquer perspectiva , científica , técnica , veterinária , política que é uma obsessão de quem quer vender aqui a sua carne e não nos quer deixar exportar a nossa carne » .
ver	« Este pode ser visto como um Projecto-Lei kamikase : a ideia é boa , mas é o próprio projecto que a acaba por condenar » e « não podemos assinar de cruz » , foram argumentos aduzidos pelo jovem deputado , que também lidera a Distrital da Juventude Popular .
ver	Enquanto o ponta de lança só hoje ficará a saber qual a sanção disciplinar que irá sofrer , devido a ter visto o cartão vermelho directo no jogo frente ao Covilhã , no passado domingo , Fernando Aguiar irá cumprir um jogo de suspensão , por também ter sido sancionado com o segundo cartão amarelo e o consequente vermelho , igualmente na partida frente aos leões da serra .
ver	Quem está de regresso é o capitão Sérgio , que cumpriu em Viseu o jogo de castigo que lhe foi aplicado pelo Conselho de Disciplina da FPF , por ter visto o terceiro cartão amarelo da época .
ver	Filipa tinha desaparecido de casa na quinta-feira e desde então ninguém mais a tinha visto .
ver	Cenário provável Filipa desapareceu na quinta-feira e tudo indica que nesse mesmo dia , durante a noite , ou no dia seguinte , o presumível autor do crime tenha actuado , na medida em que o corpo acabaria por ser visto pela primeira vez , no sábado , por um grupo de crianças , entre as quais se encontrava o próprio filho do suspeito .
ver	O primeiro cumpre um jogo de castigo , por ter visto o quinto cartão amarelo no jogo frente ao Felgueiras e , o segundo , devido a estar ao serviço da selecção do Senegal , que vai disputar a CAN2000 .
ver	Mas , aos 34 minutos , Jorge Duarte , que já tinha visto o cartão amarelo , tentou enganar o árbitro , jogando a bola com a mão na grande área do Beira Mar e foi naturalmente excluído do jogo .
ver	Cerca de um milhar de adeptos não se cansaram de estar ao lado da equipa , que logo aos 26 minutos ficou com menos um jogador em campo , devido à expulsão de Cristiano , por ter visto a segunda amostragem do cartão amarelo .
ver	Cristiano , que já tinha visto um cartão amarelo , aos seis minutos , reincidiu em nova falta passível de outra amostragem , ao agarrar Lito quando este se procurava isolar .
ver	Ao intervalo , o resultado era lisonjeiro para os visitantes , que tinham visto o espectro da goleada .
ver	Não nos têm visto a utilizar esse tipo de comportamento » , remata .
ver	E o resultado não poderia ter sido melhor , uma vez que acabariam por deter mais um dos indivíduos , que havia perdido uma sapatilha e por essa razão também terá visto a sua fuga « ir por maus caminhos » .
ver	Entre as pessoas que em primeiro lugar se aperceberam do acidente , algumas afirmam ter visto junto do jovem uma pequena chapa que eventualmente poderia ter servido para abrir a caixa , embora esta não apresentasse na tarde de ontem sinais claros de que a porta tivesse sido forçada .
ver	« Eu vivo muito perto do local e passo lá várias vezes e tenho visto sempre a caixa fechada » .
ver	Ausentes vão estar Fary , que se encontra ainda ao serviço da selecção do Senegal e Cristiano , castigado com um jogo de suspensão , face ao cartão vermelho visto em Espinho .
ver	O técnico António Sousa optou por reforçar a frente de ataque , para o jogo de hoje , com o Moreirense , chamando o avançado Konadu para o lugar do defesa Cristiano , que vai cumprir um jogo de castigo , por ter visto o quinto cartão amarelo no passado domingo .
ver	Segundo comentários recolhidos no local , a vítima , João Pedro Lourenço , terá tido uma discussão violenta com o marido de uma mulher com quem , ultimamente , teria sido visto frequentemente .
ver	Segundo conseguimos apurar , o indivíduo detido pela PJ , deverá ser o mesmo que foi visto na presença da vítima , durante a alegada discussão , momentos antes do morte de João Pedro .
ver	Porém , nunca tinha visto tamanha violência .
ver	O defesa central Lobão foi penalizado pela Comissão Disciplinar da Liga , com dois jogos de suspensão , na sequência do cartão vermelho visto na última partida em Leça da Palmeira .
ver	É um verdadeiro museu que pode ser visto no Recinto de Feiras e Exposições da cidade e onde se pode fazer uma viagem no tempo , recuando até onde a nossa imaginação permitir .
n-é-verbo	Terminada esta fase , em Dezembro de 1998, a Marinha remeteu ao Tribunal de Contas , para obtenção de visto , o processo referente ao contrato da segunda fase para a empreitada .
ver	O facto dos jogos se disputarem em Esgueira não é visto pelo treinador do Anadia como um factor negativo , até porque espera algum apoio das pessoas de Anadia .
ver	No próximo domingo , o Beira Mar cumpre mais uma jornada da II Liga , deslocando-se a Esposende para defrontar a equipa local , numa partida onde o técnico António Sousa já sabe que não poderá contar com Vítor Silva , Edgar e Óscar , devido a problemas de ordem física , nem com o avançado Cílio Sousa , que cumpre um jogo de suspensão , por ter visto o quinto cartão amarelo no jogo frente à Académica .
ver	Este é um assunto que tem problemas mais sérios e tem de ser visto em todas as especialidades , porque nem todas têm a mesma dignidade científica » , conclui .
ver	Outro ausente de « peso » é o avançado brasileiro Cílio Sousa , que em virtude do quinto cartão amarelo visto na partida de domingo passado , vai cumprir um jogo de castigo .
ver	Desta vez é o avançado Cílio Sousa , o melhor marcador da equipa , apesar de ter chegado apenas em Dezembro , que vai estar ausente devido a cumprir um jogo de suspensão , por ter visto o quinto cartão amarelo na última jornada .
ver	Neste local cheio de simbolismo -- sobranceiro ao Mar Morto e de onde se avistam as colinas de Jerusalém -- e sagrado para católicos , muçulmanos e Judeus , o Papa visitou o mosteiro de Moisés , que morreu naquele local depois de ter visto a Terra Prometida .
ver	O médio vai ficar de fora deste encontro , devido ao quinto cartão amarelo visto na última partida em Esposende , e consequente suspensão de uma partida imposta pela Comissão Disciplinar da Liga .
ver	A agressão foi cometida por um vizinho que Augusto Pinto « nunca tinha visto na vida » , o que fez aumentar ainda mais a « surpresa » do agredido .
ver	« Nunca tive nenhum problema com o meu vizinho porque nunca o tinha visto » , referiu .
ver	Segundo apurámos , o alerta -- depois de se ter visto um vidro partido numa das janelas -- surgiu dos vizinhos , que depressa avisaram o responsável pela residência , uma vez que os proprietários se encontram no estrangeiro .
ver	Alguns chegam mesmo a dizer que este ano nem ganham para as despesas , uma vez que têm que pagar o espaço que ocupam , independentemente do negócio que realizam O.rolongamento da feira até ao fim de semana seguinte ainda foi visto com uma réstia de esperança por parte dos feirantes , uma vez que dispunham de mais dias para realizar negócio .
ver	Por sua vez Jorge Neves já participou nos trabalhos , mas de forma algo condicionada , mantendo-se assim em dúvida a sua utilização Quem não vai dar o concurso à equipa são o avançado Fary , ausente para representar a selecção do Senegal e o defesa Marques , por ter visto o quinto cartão amarelo , no passado domingo , frente ao Maia O.lantel realiza , hoje , da parte da manhã , o último treino da semana findo o qual António Sousa dará a conhecer a lista de convocados .
ver	Destacando o facto dos alunos do ensino recorrente terem vivido em tempos onde tudo era diferente , Élio Maia , presidente da Junta de Freguesia , mostra-se bastante orgulhoso deste projecto que agora pode ser visto por todos .
ver	Uma testemunha afirmou ter visto dois grupos de cerca de 40 rapazes de entre 13 e 16 anos a discutirem violentamente junto ao jardim zoológico e que alguns deles empunhavam armas de fogo .
ver	Ricardo sublinha que nunca tinha visto os seus agressores , o mesmo acontecendo com o seu amigo Tiago e essa é mais uma razão para não entender nada o que se passou .
ver	Sei que alguns se interessarão , mas não tenho visto da parte dos políticos do distrito uma preocupação predominante para que tenhamos o hospital que merecemos .
ver	A equipa está bem em termos anímicos e , pelo que tenho visto ao longo da semana , e o resultado menos bom da jornada anterior , julgo que é uma situação que já está ultrapassada .
ver	O central aveirense vai falhar a partida com o Felgueiras , em virtude de ter visto um cartão vermelho contra o Covilhã , enquanto que Rui Dolores cumpre um jogo de castigo , mas pelo facto de ter recebido o quinto cartão amarelo do campeonato , no mesmo encontro .
ver	Exprimo a minha gratidão também à beata Jacinta pelos sacrifícios e orações oferecidas pelo Santo Padre , que ela tinha visto em grande sofrimento » , disse o Papa .
ver	Um castigo de três jogos de suspensão foi a pena imposta a Marques em consequência do cartão vermelho directo visto na última partida frente ao Felgueiras .
ver	O jogador foi castigado com três partidas de suspensão pela Comissão Disciplinar da Liga , em virtude do cartão vermelho visto no último jogo com o Felgueiras , num lance em que o atleta se envolveu com Eliseu , que também viu a respectiva cartolina encarnada .
ver	A formação de Jorge Araújo entrou em campo com dois bases , e nem mesmo o facto de aos sete minutos ter visto os seus jogadores , Nate Johnston e Joffre Lleal , ficarem com quatro faltas , prejudicou a exibição dos vareiros .
ver	Em Aveiro para a sessão solene das comemorações de meio século PT , o ministro da Ciência e Tecnologia deu voz ao compromisso de que « o Governo vai fazer tudo pela ampliação deste projecto , no sentido de que seja visto como um recurso nacional , no sentido da captação de gente nova , abertura a novas ideias e novas soluções » .
ver	« Não sei explicar , não vejo razões para ele me fazer uma coisa destas , referiu e acrescentou : « só se foi um filme que deu na televisão , em que tinha uma cena parecida e ele tivesse visto e quisesse experimentar » .
ver	A exemplo da mostra " 20 Anos de Democracia Satírica -- Mário Soares visto por Caricaturistas ", também a exposição sobre o 25 de Abril vai ficar patente até ao próximo dia 3 de Setembro , podendo ser visitada de terça-feira a domingo , das 9.30 às 17.30 horas .
ver	Nesse encontro , Mano Nunes confessou ter visto um vídeo de um jogador sul-americano , « um número 10 alternativo , caso não se consiga trazer o Ricardo Sousa .
ver	« As jovens vão viver de forma descontraída um projecto sério e muito bem organizado » , referiu , reforçando que « isto não deve ser visto como algo forçado » .
ver	Depois de já ter afastado Portugal (meias- finais) com um "golo de ouro " e de ter visto a Espanha desperdiçar uma grande penalidade no último minuto (daria o 2-2, nos quartos-de-final) , a França pode considerar-se um campeão muito feliz , embora seja justo referir que procurou essa felicidade : jogou sempre para ganhar , sempre ao ataque .
n-é-verbo	Com efeito -- e visto tratar-se de um conto do vigário -- os dois homens sugeriram então que a senhora ficasse com a carteira em sua posse , enquanto eles iriam ao banco verificar o levantamento do dinheiro .
ver	Assim , pode ser visto o Teatro Romano , o Cenáculo , a Torre de David , o Bairro Popular com a rua dos tintureiros , o Palácio dos Asmoneus ou de Herodes Antipas e ainda o Hipódromo .
ver	Segundo o que o Diário de Aveiro conseguiu apurar , o indivíduo de nome Mário Duarte Rocha Vidal Ferreira , era natural de Aradas e o quarto onde vivia estaria a ser pago pela Segurança Social Mário Ferreira foi visto pela última vez com vida ontem cerca das 2 horas , a entrar no quarto .
ver	O jogador , depois de visto pelo departamento médico , que lhe imobilizou parte do pé , está agora em fase de tratamento , por forma a conseguir a recuperação para o jogo de domingo frente ao Benfica Caso a evolução não seja favorável , o Beira Mar vai ter sérios problemas na baliza , uma vez que Palatsi , a contas com uma microruptuta na coxa direita , não deverá estar em condições de poder ser convocado .
ver	O avanço dos trabalhos está a ser visto « com bons olhos » pela Câmara de Espinho .
ver	Jorge Neves regressa assim após o interregno de um jogo motivado por um cartão vermelho visto durante a pré-época , no torneio « Cidade de Espinho » .
ver	« Nunca tinha visto aquela cara antes » , garante José Joaquim , ao mesmo tempo que faz contas à vida .
ver	Tecer era então visto , basicamente , como pequena ajuda à economia do lar e um entretenimento das mulheres nos seus tempos livres , que desde muito novas eram iniciadas no tear , aprendendo com as mais velhas .
ver	Da : Na sequência da actuação camarária , como é que o líder do Pp tem visto o desempenho dos vereadores « populares » na autarquia ?
ver	No entender da Associação Industrial , o « enquadramento do referido subsídio » não pode ser visto como a « transmissão de um bem e/ou uma prestação de serviço » .
ver	No passado sábado , « Luís da Cova Funda » saiu da casa da filha , com quem vivia , por volta das 10 da manhã e não voltou a ser visto .
ver	Haja visto o que realizou como prefeitura de Curitiba , na área da cultura e do lazer -- ou , quando não , é ouvi-lo discorrer sobre o aproveitamento de patrimónios históricos , estagnados na penumbra , e que ele quer abrir rapidamente para o povo , com festa , luz e alegria .
ver	Na perspectiva de Mota Vieira , advogado de João Grilo , com 17 anos na altura em que praticou o crime , os disparos constituiram « um desabafo » perante « a angústia » de ter visto a mãe transformada numa tocha humana .
ver	Como atenuantes , os magistrados judiciais atenderam ao facto de João ter visto a mãe envolta em chamas , ser « muito jovem » (tinha 17 anos à data da prática do crime) e ter um passado criminal irrelevante .
ver	Pai biológico "ausente " José dos Santos , o pai biológico do infeliz Edgar , também foi chamado ao Tribunal de Coimbra e , depois de explicar que teria visto a criança « umas duas vezes » , acrescentou que nunca concordou com a entrega do menino à mãe , Lurdes Pinto , também arguida .
ver	Num carro parado perto do local estaria uma rapariga , com quem o assaltante tinha sido visto a conversar , poucos minutos antes de abordar Marta Silva .
ver	Mas na água permaneceu António Manuel Branco , que entretanto deixou de ser visto .
ver	Sendo o Observatório Astronómico da Universidade de Coimbra uma instituição que se dedica , há mais de 70 anos , ao estudo da Física Solar , não poderia deixar passar em claro este acontecimento , principalmente no que concerne o contacto com o público , uma vez que do ponto de vista puramente científico as observações a realizar nesse dia , em Coimbra , não terão particular relevância (uma vez que , e repetindo , em Portugal o eclipse é visto como parcial) .
n-é-verbo	No que respeita ao espaço relativo a sugestões para o problema apresentado , o reclamante preconizou que a médica fosse « deveras castigada » ( ...) , « visto que com a saúde do próximo não se brinca » .
ver	Adorei , nunca tinha visto .
ver	Com 77 anos , e agricultor desde tenra idade , Manuel Rodrigues nunca tinha « visto nada assim » .
ver	Outra acusação é a contratação e o despedimento do treinador Manuel Braga , da sua responsabilidade , que está em Tribunal e que pode custar ao Lousanense milhares de contos JG -- « Nunca deixei de assumir as minhas responsabilidades , só que não posso assumi-las num processo em que não fui visto nem achado .
ver	Portanto , não posso assumir a responsabilidade num assunto que , embora se tenha passado comigo , não fui visto nem achado .
ver	« Não sei como é que se vai resolver essa situação e sempre disse que assumia as minhas responsabilidades , mas , uma vez que não fui visto nem achado neste processo , não tenho de assumir nada em relação a ele » .
ver	Você diz que não é visto nem achado neste processo , mas na assembleia disseram que você foi notificado pelo Tribunal e que não compareceu .
n-é-verbo	O facto é que , como refere o vereador do Ambiente , Higiene e Salubridade , « isto até já devia ter começado em Maio , estávamos só à espera do visto do Tribunal de Contas , que demorou a chegar mais de dois meses .
ver	O INEM compareceu no local e segundo informação colhida pelo nosso Jornal , a indisposição terá sido provocada por consumo de estupefacientes , pois o indivíduo fora visto com uma seringa nas casas de banho do estabelecimento .
ver	Mas a contratação , pela Académica , do afilhado Vítor Paneira baralhou a cabeça de Rosa Amélia , que hoje se vai sentar nas bancadas do "José Bento Pessoa ", com um cachecol de cada um dos clubes Quem assistiu a todos os jogos da pré-época da Briosa (ou mesmo que só tenha visto alguns ...) não deiou de reparar que o centenário clube de Coimbra conta com uma nova apoiante .
ver	Uma passageira chinesa , que esperava a hora do embarque no Aeroporto Chek Lap Kok , afirmou à televisão CNN que tinha visto o avião , como se fosse uma bola de fogo , a descer » .
ver	É que também o personagem queirosiano não viu nada na África que os outros não tivessem já visto ...
ver	Aparentavam ser novos , vestiam blusões pretos e ninguém se lembra de ter visto a matrícula da moto , que arrancou a grande velocidade .
ver	João Pardal referiu ainda ter falado com habitantes de Souselas que lhe garantiram ter visto , já na quinta-feira , um conjunto de trabalhadores « a retirar a nafta que podiam , e à pressa , tentando minimizar os estragos » .
ver	Após uma hora de buscas , o aparelho foi reabastecer a Monte Real , prosseguido a operação até ao final da tarde , mas o corpo nunca mais foi visto .
ver	O corpo de António Rodrigues Almeida , natural de Serrazes , S. Pedro do Sul , foi encontrado cerca das 10 horas , a mais de cinco metros de profundidade e a uns 40 metros do local onde o pescador foi visto pela última vez .
ver	Também há quem arrisque em apontar o dedo aos eventuais responsáveis pela morte de Damásio ; dizem que poderá ser este ou aquele , mas todos garantem nada terem visto .
ver	Depois foi um Xanana mais recomposto , sorridente , que à janela do Parlamento disse às pessoas que o tinham visto da rua (através de um ecrã gigante) e que gritavam "Timor vencerá " que , afinal , "Timor já venceu " .
ver	Nuno Ferreira , por exemplo , garante que « houve muita gente » (além dos arguidos) a espancar Manuel da Nora , mas diz não ter visto quem lhe bateu .
ver	O cinema não pode ser visto apenas como um entretenimento .
ver	Tem-se visto que toda a gente tem furado o segredo de Justiça » .
n-é-verbo	O comandante da Capitania do Porto de Aveiro adiantou ainda que « deverão ser contratadas outras duas empresas para efectuarem o transporte do combustível da praia para a estrada , e depois para o seu destino final » visto que « o contrato assinado com a "Semit Tak " só contempla a retirada do combustível do interior da embarcação » .
ver	Mas quem não se convenceu foi o Alcains , que apesar de ter visto Dário (20m) a falhar na cara de Luís Carvalho , foi à procura do prejuízo .
ver	Sincero , Fernando dos Santos confessou que se « tivesse visto o carro da polícia não tinha atravessado » ... e denotou surpresa ao constatar que a viatura da Brigada não estava identificada .
ver	A partir daí nunca mais foi visto .
ver	Adriano Callé Lucas salientou ainda que este deve ser visto como « um subsídio para os leitores e não para os jornais » , admitindo no entanto haver « jornais que subvertem o princípio do porte pago » .
ver	A GNR foi alertada por um popular , que referiu ter visto um carro a circular a « alta velocidade » e de onde caiu um saco que , ao embater no chão , rebentou e provocou uma « chuva de notas » .
ver	Wender foi agredido por Peu e o árbitro nada viu mas foi consultar os seus dois auxiliares (!) , que por sua vez alegaram nada terem visto ... No prolongamento , os verde-e-brancos da Figueira da Foz reforçaram o seu sector recuado , sendo nítido o intento de levarem a eliminatória para o "Bento Pessoa " .
ver	Para José Alberto Ferreira , esta iniciativa editorial terá toda a relevância visto ser o Ateneu « uma instituição cujo passado e relevância cultural foram já , por mais de uma ocasião , postos em evidência » .
ver	Em contacto com um jornalista espanhol que acompanha diariamente a "vida " do Deportivo da Corunha , apenas ficámos a saber que Leandro é proveniente do Atlético Paranaense e que é visto pelos responsáveis do clube espanhol como um jogador de futuro .
ver	O António Augusto , na chefia do departamento de futebol , é visto como o "homem certo no lugar certo " .
n-é-verbo	Em suma , e pelas razões expostas , os juízes conselheiros do Tc decidiram « recusar a concessão do visto ao contrato em apreço » .
ver	Ao dirigir-se à porta de casa para entender o que se passava porque tinha visto uma pessoa sentada ao lado do condutor da viatura a olhar em direcção à sua casa a jovem só viu o carro a arrancar .
ver	Segundo comentários "recolhidos " no local , a vítima , João Paulo Lourenço , terá tido uma discussão violenta com o marido de uma mulher com quem , ultimamente , teria sido visto frequentemente .
ver	A proposta de desactivar arsenais « sob determinadas circunstâncias » foi "chumbada " pelo governo britânico e pelos unionistas , num gesto visto pelo IRA como tendente a impor nas negociações os termos de uma só das partes .
ver	Tivemos azar , pois confiámos numa pessoa que nem sequer tinha visto jogar aquela atleta .
ver	É isto que a gente aprende e Portugal está bem visto pelos brasileiros .
ver	É que , de facto , como sublinhou ao nosso Jornal , « ele não vem para cá certamente por achar que esta é a melhor Faculdade de Direito do mundo , mas Coimbra é Coimbra , e isso devia ser visto seriamente » .
ver	« Há clientes que terão visto , mas devem ter tido medo , como é natural » , referiram .
ver	Durante a preparação do evento , funcionários do Vaticano advertiram que este não deve ser visto como « uma auto-flagelação espectacular » .
ver	Como tem visto as divergências de opinião entre os deputados do PS eleitos por Coimbra ?
ver	Rui Coimbra , animador e psicólogo , conta : « já houve escolas onde encontrámos crianças que nunca se tinham visto numa televisão e , pura e simplesmente , é impossível descrever o tipo de reacções , entre o espanto e a incredulidade , que demonstravam » .
ver	« Temos todo o gosto em que isso acontecesse (a recandidatura à autarquia figueirense) , há todo um trabalho muito positivo feito na Figueira e era a garantia que teríamos aqui uma maioria reforçada » , sublinhou Paulo Pereira Coelho , que considera ter visto a sua liderança « reforçada » neste acto eleitoral .
ver	Há muito pouco tempo foi criada um coisa que se chama Instituto de Investigação e Formação Cardiovascular , não é nenhuma clínica , e no fim de contas foi tentar implementar uma entidade com fins científicos , de divulgação , semelhante a uma que eu tinha visto em França o ProF. Asmar fazer e que achei que poderia ser uma coisa interessante cá em Portugal .
ver	O meu mal-estar decorre do facto de nos últimos meses dois dos investigadores do CES , uma investigadora permanente , a Dra. Graça Abranches , assistente convidada da Faculdade de Letras , e um investigador associado , o Doutor Carlos Alberto Afonso , professor auxiliar do Departamento de Antropologia da Faculdade de Ciências , terem visto posto em causa o seu vínculo à Universidade .
ver	Teresa Coimbra , do PS , sublinhou por seu lado « nunca » ter visto na Lagoa nenhum lince , mas lembrou que José Sócrates , na reunião realizada esta semana « demonstrou alguma abertura » para eventualmente resolver a questão .
ver	Tudo indica que António Tavares tenha caído à Ria durante a noite ou madrugada , pois ainda ontem à tarde foi visto junto ao moinho onde residia com a mãe .
ver	E até serve para colocar mais uns painéis de publicidade , pois o que não é visto não é apetecido e ... o importante é evitar que algum estudante acabe os festejos na água do Mondego .
n-é-verbo	As operações de remoção do pesado que se virou , refira-se , foram mais complicadas e morosas visto encontrar-se carregado de ferro e outros metais .
ver	O sogro , de 79 anos , jurava « nunca ter visto coisa assim » .
ver	Uma brasileira diz ter visto as chamas entrarem no seu quarto , por baixo da porta , e acordou o marido .
ver	O clarão foi visto a quilómetros .
ver	O Papa , que a 13 de Maio de 1981 foi vítima de um tiro desferido pelo turco Ali Agca , revê-se nessa visão e , ontem , na homilia , que quase foi relegada para segundo plano , agradeceu à beata Jacinta « as orações e sacrifícios oferecidos pelo Santo Padre que ela tinha visto em sofrimento » .
ver	Tudo o que há de melhor no concelho , ligado ao artesanato , indústria , comércio , agricultura e muito mais , pode ser visto nos 150 expositores que enchem o recinto e reflectem a dinâmica do concelho .
ver	Das curiosidades da "Universal ", fica para a história da casa e de Sílvio Flores a circunstância de Oliveira Salazar ter visto nesta barbearia o fio da navalha .
ver	« Há um intoxicação mediática como nunca se tinha visto depois do 25 de Abril » , acusou o "histórico " deputado socialista .
n-é-verbo	Até hoje -- visto que os três institutos funcionavam autonomamente e com métodos de trabalho próprios -- os magistrados confrontavam-se frequentemente com diferenças de modelos de relatórios periciais .
n-é-verbo	Mas não estranhou visto que já há « dois anos » reclamou desta situação junto da « vereadora da Cultura » e até hoje não obteve qualquer resposta .
n-é-verbo	Rui Lobo referiu-nos , por exemplo , que a zona da Boavista não está contemplada neste projecto visto já existir o Pólo II da UC em plena consolidação , sendo que o plano de intervenção urbanística para aquela área é de mérito reconhecido pelo DARQ .
ver	Mau grado , rematou o parlamentar , « eu nunca ter visto uma tão grande campanha de intoxicação mediática » , nomeadamente por parte de « alguns grandes órgãos de comunicação social nacionais sediados em Lisboa » .
ver	Esta colectânea só deverá ser apresentada em Setembro , numa iniciativa , eventualmente um grande espectáculo , onde o ponto alto deverá ser , está visto , o tal hino oficial academista .
ver	Em declarações ao nosso Jornal , afirmou já ter visto na margem do rio uma planta conhecida por erva pinheirinha , "habitante " do Baixo Mondego e que se desenvolve em « águas paradas » .
ver	Com 23 anos , o "mágico-actor " (aluno , durante um ano , do conhecido Luís de Matos) e a sua equipa -- ao todo seis pessoas -- são estudantes universitários , que elegem o espectáculo apresentado na Expo98 como « o maior e o mais visto » do grupo .
ver	Só não percebo é como , num local tão movimentado como é Celas , ninguém tivesse visto nada » .
n-é-verbo	Ao alertar a polícia para a ocorrência , Igor Maslov foi confrontado com o facto de o seu visto -- que o autorizava a circular livremente no Espaço Schengen -- ter caducado a 24 de Julho último .
ver	Populares dizem ter visto homens com « bidons » no pinhal Incêndios a deflagrar quase ao mesmo tempo em locais distantes .
ver	Vários moradores de zonas onde os incêndios lavraram juravam a pés juntos ter visto « dois homens numa motorizada a atear fogos » .
ver	A "conta " teve , nalguns casos , aumentos significativos -- há comerciantes que se queixam de ter visto a taxa subir cerca de 300% ... Em declarações ao Diário de Coimbra , publicadas na edição de ontem , alguns lojistas acusam a Câmara de Coimbra de « má-fé » .
ver	Para evitar « confusões » , João Silva referiu que os toldos comerciais são o único caso (dos 1513 processos de cobrança emitidos) que está a ser visto caso a caso .
ver	Salientando não ter ainda visto « nada de previsões » , aquele responsável está confiante nas condições do mar até porque o Cabedelo « costuma ser um local com muitas e boas ondas » referiu .
ver	« Oeste visto com outros olhos » , comentou Artur Feliciano , referindo-se aos investimentos do governo na região .
ver	Apelou ainda aos municípios para uma boa divulgação na área rural , esperando que o torneio seja visto como uma festa da região .
ver	O eclipse solar de dia 11 pode ser visto em directo pela internet ou através do telescópio do Observatório Astronómico da Faculdade de Ciências de Lisboa , informou o Observatório .
ver	Eclipse poderá ser visto na Internet Sem os riscos para a vista que podem surgir ao observar o eclipse a olho nu .
ver	Como acha que é visto o hóquei em Leiria ?
ver	Dos entrevistados , de 14 até aos 17 anos , 71% , recordam-se da campanha , e no segmento de 18 e mais anos , a notoriedade também foi elevada : 51% lembram-se de ter visto .
ver	A maioria dos jovens dos 14 aos 17 anos (82%) recorda-se de ter visto pelo menos um dos anúncios na TV .
ver	Dl : Como é que tem visto todas estas manifestações por Timor ?
ver	« Eles querem aquele Parque » , refere , adiantando que um dos exemplos disso é o facto de os agentes de segurança « já terem visto os próprios toxicodependentes a limpar o parque » .
ver	« Há quem olhe para dentro do sapato e repare , quem pergunte de onde vem o produto mas , o que tenho visto é que , mesmo com etiqueta , a grande maioria dos nossos clientes compra o artigo » .
ver	A detenção ocorreu em virtude do indivíduo ter sido visto por um polícia que circulava no local e que o apanhou em flagrante , quando abandonava a viatura , com as referidas doses de droga na mão .
ver	Tinha visto a entrevista de uma menina que tinha saído desenganada do hospital e cujos pais recorreram a Pamplona e hoje está curada .
ver	Projectos pedem marcha a ferro e fogo A.tilização do Comboio de Lata como monumento histórico a ser visto e apreciado por todos não passa , neste momento , de um projecto municipal que está já a pedir que a marcha se faça a ferro e fogo .
ver	Gostei muito e depois de ter visto vários jogos na televisão , a minha mãe inscreveu-me na Batalha .
ver	Também lisboeta de gema , nascida na freguesia do Socorro , e grande apreciadora de fado , recorda ter visto Amália em espectáculos por duas vezes , nunca em Portugal , mas em França , onde viveu algum tempo .
n-é-verbo	Mas visto a lei não permitir que assim se processe o encaminhamento escolar dos moitenses , « temos feito alguns malabarismos » e , actualmente , « uma escola secundária da Marinha Grande tem em curso um processo disciplinar , por ter aceite matrículas que , à partida , não lhe estavam autorizadas » , acrescentou o autarca .
ver	Maria Afonso não se recorda de ter visto nenhum acidente tão « horrível » como o de anteontem , mas confirma que naquele troço de estrada os desastres são bastante frequentes , chegando a referir que o « lancil já estava destruído antes do último sinistro » .
n-é-verbo	O administrador da ExpoSalão chega a prever (até) que esse número seja ultrapassado , « visto que o português guarda tudo para o fim e que muita gente tenha aguardado que todas as novidades fossem lançadas no decorrer da semana para visitarem a mostra com o total de apresentações » .
ver	Elementos da INTERFET que se deslocaram ao local afirmaram terem visto três pessoas "suspeitas " a fugirem da casa poucos tempo depois do incêndio deflagrar .
ver	Sousa continua a fazer treino específico à pubalgia que o incomoda há algum tempo ; Paulo Alves encontra-se com uma contratura muscular e Renato está castigado por ter visto o quinto cartão amarelo na partida com o Campomaiorense .
ver	Visivelmente insatisfeito com a notícia ficou João Ranito , da empresa "Leilões da Covilhã " que leiloeira , que se mostrava surpreendido por « nunca tinha visto anularem um leilão desta maneira » .
ver	Aos 35 minutos , Orlando Fernandes , que tinha entrado para o lugar de Vítor Hugo , por este ter visto o segundo amarelo e o consequente cartão azul , fez o quarto tento , decidindo o rumo da partida .
ver	Josué Jerónimo Inês , electricista de profissão , que possui uma pequena oficina de reparações eléctricas nas traseiras de sua casa , tem visto « serem recusados os inúmeros pedidos feitos à CENEL -- Electricidade do Centro S.A. , para aumento de potência » , assim como o fornecimento de energia a novos projectos e novos licenciamentos que possui na Rua do Repouso e que se localizam , segundo ele , « no perímetro urbano da Marinha Grande » .
ver	Outros trocavam , já , algumas palavras com estudantes que nunca haviam visto mas com quem , ali , travavam conhecimento .
ver	Álvaro Pires , de Pombal , foi um dos que voltou à Expodecor depois de ter estudado tudo o que tinha visto numa primeira visita .
ver	Depois de termos visto vários tipos , eu e minha mulher meditámos sobre a melhor opção e voltámos para comprar » .
ver	Estou convencido que a Dra. Isabel Damasceno , com a boa vontade que terá para resolver os problemas , terá visto que as coisas são mais complicados do que parecem .
ver	« O.ndivíduo que já era referenciado como consumidor/traficante , foi visto por agentes à civil a transaccionar estupefacientes » , referiu fonte da PSP de Peniche .
n-é-verbo	Além disso , seguiu também para Venezuela o secretário de Estado da Cooperação , a fim de acompanhar no terreno o problema , « visto que as informações são muitas vezes contraditórias e o governo pretende saber exactamente o que se passa para poder apoiar a comunidade portuguesa » residente naquele país , disse ainda .
ver	« Um espectáculo como nunca foi visto na cidade » , diz Marco Costa , que apesar dos seus 21 anos é o responsável pela elaboração do show de fogo de artifício .
ver	Nas duas primeiras questões estiveram envolvidos Paulo Alves , Leão , João Manuel e Derlei , lesionados com ou maior ou menor relevância , para além de Luís Vouzela que treinou durante toda a semana com a certeza de que não pode ser utilizado nos Açores , devido ao facto de ter visto o quinto cartão amarelo no jogo com o Salgueiros .
ver	O indivíduo , Sabino José Pereira Cordeiro , de 41 anos , foi visto por populares quando « estava muito mal na via pública » e socorrido pelos Bombeiros Voluntários da Marinha Grande , que o transportaram para o centro de saúde ainda com vida .
ver	De fora vai ficar Paulo Alves , punido com um jogo de castigo , devido ao facto de ter visto cartão vermelho no jogo contra os sadinos .
ver	É assim que se chama a peça de teatro que vai estrear domingo , na Charneca , Pombal , e que é dirigida especialmente às crianças , embora Carlos Gonçalves , o dramaturgo , frise que o trabalho pode , e deve , ser visto por « miúdos » e « graúdos » .
ver	Se calhar não está mal visto .
ver	Ao dirigir-se à porta de casa para entender o que se passava porque tinha visto uma pessoa sentada no lado do condutor da viatura a olhar em direcção à sua casa a jovem só viu o carro a arrancar .
ver	Desta forma , o jogo de sábado à noite (20 horas) entre o União de Leiria e o FC Porto , que estava para ser transmitido em directo pela RTP1, será visto apenas por quem se deslocar ao Estádio Municipal .
ver	Como tem visto a evolução da relação pai/filho ?
ver	Antes Jorge Sampaio tinha visto na sala de exposições da Câmara , algumas fotografias da vila e projectos em curso .
ver	O facto de ter constituído uma lista da minha única vontade -- o partido deu-me carta branca para que isso viesse a acontecer -- criou uma preocupação muito grande , como foi visto e notado na altura , de escolher a equipa pela competência .
?#	A Câmara , para entrar em qualquer tipo de empresa ou sociedade , tem de ser tudo muito bem visto , muito bem ponderado .
ver	Segundo o governador , depois de ser visto o projecto de obras para a nova sede , uma verba de José Sócrates poderá chegar aos 70% dos 150 mil contos que para ali são precisos Segundo Carlos André , o ministro do Ordenamento e Ambiente , José Sócrates « confirmou que a candidatura está assegurada , há financiamento .
ver	Se os mais antigos afirmavam « nunca ter visto nada assim » , os mais jovens apontavam outras razões para tamanho desastre natural .
ver	Por seu turno , o ministro António Costa , defendeu que o « complexo sistema da Justiça » composto por diversas partes não pode ser visto como a « apenas a soma destas .
ver	O meliante ainda foi visto pelo funcionário do bar quando se punha em fuga , avançou a mesma fonte .
n-é-verbo	A Escola Superior de Enfermagem de Leiria , é uma Escola de Ensino Superior Público , não integrada em Instituto Superior Politécnico ou Universidade , orientada para a formação cultural e técnica de nível superior , desenvolvendo a capacidade de inovação e de análise crítica e ministrando conhecimentos cinettíficos de natureza teórica e práctica , tendo em visto a sua aplicação no exercício da profissão de Enfermagem .
ver	Por outro lado , também compreendemos que , com o Euro-2004 à porta , as entidades que oportunamente tratarão das profundas alterações a efectuar naquele complexo desportivo não estarão dispostas a grandes investimentos nesta altura , quando dentro de um ano ou dois todo o piso terá de ser visto e revisto e coberto inevitavelmente por um tapete de alta qualidade .
ver	O Nazarenos conta apenas com o impedimento de Paulinho , pelo facto de ter visto a quinta cartolina amarela , razão pela qual , do outro lado , também marca a indisponibilidade de Claus .
ver	É que ao longo dos últimos anos , tem assistido a muitas discussões , mas tem visto pouca obra .
n-é-verbo	O jogador ainda não teve descanso visto que esteve , até há bem pouco tempo , a representar o Pussan da Coreia .
ver	Nymo disse que se desconhece se o grupo envolvido nos confrontos era o mesmo visto pela população local .
ver	O caso atraiu muita gente , mas Nossa Senhora só Raymundo Lopes a terá visto .
n-é-verbo	A um jogo da entrada para a qualificação prevê-se , para esta manhã , um encontro de bom nível entre os portugueses Hugo Rocha e Frederico Gil , mas Rocha poderá beneficiar do cansaço de Gil visto este vir de uma maratona de oito jogos no internacional da Foz Nas meninas o cenário é desolador !
n-é-verbo	Os jogadores apurados hoje serão os heróis da terra batida visto que depois desta correria para entrar no quadro , chega a hora da verdade entre os melhores .
n-é-verbo	A coreana Da Jung Hong (97 mundial) venceu sem dificuldades a americana Nicole Pits (197 mundial) , mas hoje a asiática terá que jogar de forma exemplar visto que vai ter pelo caminho a russa Alexandra Kostikova , uma atleta imponente e que poderá surpreender a coreana , fazendo valer a sua garra e força .
ver	« Foi pena não termos visto os golfinhos , mas o passeio valeu a pena , foi muito agradável » Para Ana Sofia , 12 anos , de Vila Nova de Gaia e a passar férias na terra das mulheres das sete saias , a viagem também foi « gira » , mas « fiquei muito triste porque queria mesmo ver os golfinhos ...
ver	O dia do comerciante é visto por António Coelho como uma boa iniciativa por parte das entidades oficiais .
ver	Por outro lado , o balneário é uma coisa que nunca tinha visto , não obstante nas camadas jovens essa particularidade já existir .
ver	De referir que a Naval antes desde tento inaugural já tinha visto um golo ser-lhe anulado por um pretenso fora-de-jogo .
ver	« Não sou visto nem achado , pois as obras estavam a ser executadas por um empreiteiro e era ele que não estava a cumprir com as normas de segurança » , defende .
ver	António Tocha Letra , proprietário da esplanada "Primavera ", um dos apoios de praia , contou que apesar de ter visto muita gente na praia , os turistas deixaram de alugar as tradicionais barracas .
ver	Esta época , eles tornaram a chamar-me porque realmente devem ter visto que os meus préstimos foram aceitáveis , e , sinceramente , gosto daquela gente , gosto da terra , apanhei apego por aquele clube e se lá ficar mais um ou dois anos e , se a direcção assim o quiser , vou dar àquele clube muito mais projecção .
ver	O desejo de « apreciar algo que nunca terá visto » , mais especificamente um helicóptero , foi a motivação apontada por um adolescente para atear um incêndio que destruiu área de floresta e culturas agrícolas na zona de Fornos de Algodres .
ver	Para Rosa Coelho , de 22 anos , a observação do eclipse foi algo que « nunca tinha visto » .
ver	Ruas disse que já conhecia a situação (tendo-a visto referida no nosso Jornal) , e adiantou que o vereador Cunha Lemos já ordenou a uma brigada que se deslocasse ao local , no intuito de ser resolvido o problema .
ver	« Au Gaciar » visto por mais de 10 mil espectadores O.spectáculo do Trigo Limpo Teatro ACERT , « Au Gaciar , vai ser apresentado amanhã , no largo do Tribunal , em Tondela , pelas 22 horas , altura em que se dá início às festas daquele município .
ver	As forças de segurança procuram agora um homem de origem caucasiana que terá sido visto no local .
n-é-verbo	O espectáculo é organizado conjuntamente pela Câmara e pelas Tunas Académicas (responsáveis pela animação) e decorrerá no recinto da Feira de S. Mateus , porque , como refere Ruas , « é a melhor altura visto que a Feira acaba na véspera e assim podemos utilizar ainda as infraestruturas da Expovis » .
ver	Aquele responsável afirmou ainda ser fundamental que , nos dias de hoje , o sistema prisional não seja visto « apenas como um instrumento de punição » para aqueles que lá se encontram a cumprir pena que , na maior parte das vezes , « são marginalizados pela sociedade » , mas que possa , acima de tudo , servir « para uma eficaz integração social » .
ver	Tal como a sua vizinha Maria José , também Ana Cristina Almeida aponta o dedo a pessoas de etnia cigana , « alguns dos quais ali moradores e outros completamente desconhecidos e estranhos ao bairro que diariamente ali se concentram em caravanas , passando com os carros por cima dos jardins , destruíndo os espaços verdes e deixando atrás de si um rasto de destruição e imundice nunca visto » , sustentou .
n-é-verbo	O autarca sustentou , no entanto , « não querer prejudicar o negócio a ninguém » , mas « tem visto que , do dia para a noite » , este tipo de vendas de automóveis , « aparecem nos mais variados sítios , especialmente nas saídas da cidade » .
ver	Segundo a mesma fonte , à hora do fecho da nossa edição de hoje , Helder Simões encontrava-se ainda naquela unidade hospitalar em observação , a fim de ser visto pelo serviço de Neurologia , queixando-se da zona cervical .
ver	« Foi um inferno » , afirma o técnico do Parada de Gonta Daniel Monteiro , técnico da formação do Parada de Gonta , afirma não ter visto o árbitro ser agredido , mas refere que o viu « ser transportado para a ambulância » .
ver	Fernando Paulo sustentou ainda que o Instituto Piaget « não pode ser visto com uma instituição rival » , mas sim como um estabelecimento de ensino a nível internacional que pretende sediar em Viseu toda a sua estratégia .
ver	Conforme nos foi dito , o empresário terá sido visto naquela unidade hospitalar , assim como numa farmácia daquela cidade e mais tarde na vila de Nelas , por volta das 19 e 30 horas , perdendo-se aí o seu rasto .
n-é-verbo	O jogo com a Sanjoanense vai ser muito difícil visto que temos um plantel curtíssimo e com as lesões e os castigos ...
ver	« Não há mais nenhuma cidade que tenha visto aumentar a sua área urbana da forma que aconteceu em Viseu » , disse Fernando Ruas , para justificar o pedido da segunda esquadra .
ver	Daisuke é um jovem que tem como sonho conhecer o mundo « mas não queria conhecê-lo através da televisão ou por fotografias , o mundo é demasiado grande para ser visto em cinco segundos , ou numa imagem apenas » , disse ao nosso Jornal .
ver	De acordo com uma fonte da GNR local , a busca tem sido feita alternadamente e com a ajuda de dois cães , havendo ainda a indicação de que o indivíduo tenha sido visto , por populares , a circular na zona do Rio Criz .
ver	O escândalo acabaria por ser ainda maior , quando , ao cair do pano , o auxiliar assinalou uma grande penalidade que ninguém , nem o próprio árbitro , vislumbrou , causando um burburinho como nunca visto .
ver	Tendo a imponente serra do Caramulo como cenário , é visto como uma das casas mais bonitas da região , tendo mesmo sido considerado , "imóvel de interesse público " .
n-é-verbo	Voltando novamente a Portugal , percorre o pais de lés a lés , chegando a Viseu há cerca de dois meses referindo que « não poderia deixar de vir a Viseu , já que esta é a cidade do meu coração visto que foi aqui que fui criado até ir para França » .
ver	E espanta-me que ainda não tenham visto que se há contestações de Canas de Senhorim no que respeita à criação do concelho , outras contestações bem maiores se levantariam da parte do restante concelho de Nelas , que se indignaria e faria muito mais alarido de forma a evitarmos a destruição do nosso território .
ver	Quanto a Fernando Ruas , por seu turno , o presidente da Câmara Municipal de Viseu revelou não ter visto o jogo , por se encontrar de viagem da Finlândia para Portugal , via Alemanha .
ver	Em causa está , dizem , « uma ampliação limitada ao espaço disponível , com áreas enquadradas nas necessidades básicas de há 10 anos , com simplicidade de linhas e acabamentos , num ambiente quase espartano que contraria as grandezas exibicionistas que ao longo do tempo temos visto apoiar » .
ver	No entanto , encontra-se num estado de completo abandono e nem sequer se sabe a quem atribuir responsabilidades por este facto Classificada como Monumento Nacional desde 16.6.1910, a Anta de Mamaltar , situada no concelho de Viseu , freguesia de Rio de Loba , é visto por muitos como o monumento dolménico mais importante da região .
n-é-verbo	Os confrontos em Bigorne , podiam , segundo o presidente da Junta de Freguesia de Lazarim , no que é acompanhado por toda a população , ter sido evitados , « visto que chegou-se a indicar um terreno alternativo à AMVDS » , situado na localidade de Rabo da Cadela , a cerca de três quilómetros do local onde está actualmente a ser construído o aterro , e que teria custos semelhantes ao projecto em curso , sendo que e a junta estava disposta a dar os seus baldios a custo zero .
ver	Acrescentam ainda que « Alfredo era um homem bem visto na aldeia , mas devia andar perturbado pelo facto da esposa o ter deixado há um mês » .
ver	Como curioso pode ser visto o « atropelamento » de um homem em Coucão , no concelho do Sátão , que resultou em ferimentos ligeiros na vítima , já que o indivíduo foi atropelado por uma manada de bois .
ver	Segundo o porta-voz , a patrulha foi destacada para a região menos de 24 horas depois de efectivos da força de paz da ONU terem recebido informações de habitantes locais que teriam visto um grupo armado a operar na região durante o fim-de-semana .
ver	Sempre em alerta , alguns populares garantiram ao nosso Jornal terem visto alguém « no meio da mata a atear o fogo e quando começamos a gritar o incêndiário mandou tiros para o ar e conseguiu fugir » .
ver	A vaga de calor que se faz sentir em Portugal nesta época do ano é também uma das causas que incrementa o cenário de fogos que se tem visto e que segundo as previsões recentes vai continuar .
ver	Pelo que se tem visto até agora no Torneio , sem dúvida que as equipas portuguesas apuradas para as meias finais , são superiores ao Remus (Áustria) , a única estrangeira a chegar a esta fase .
ver	E eu , por aquilo que tenho visto , partilho a opinião dos jogadores .
ver	O central do Académico de Viseu só espera que « as pessoas que viram o jogo , tenham gostado da exibição , mas também tenham visto a vergonha que se passou .
ver	Nunca se tinha visto tanta gente no local Não há dúvida de que os « Anjos » são um fenómeno de popularidade em todo .
ver	De acordo com o Regulamento de Provas Oficiais da FPF , o atleta deveria ter visto , após a segunda cartolina amarela , o cartão vermelho , o que não se verificou .
?#	a venda de parte substancial do grupo Mundial Confiança aos espanhóis do Banco de Santander não pode deixar de ser visto com simpatia por tudo que fica atrás .
ver	ou mesmo em relação a outras modalidades como o voleibol , o andebol ou o basquetebol , como se tem visto na RTP nos últimos tempoS. Pelo contrário , o atletismo , essa importante modalidade desportiva que tantas glórias tem .
ver	Alguém se recorda , por exemplo , de ter visto em tempo útil ou em espaço de emissão adequado uma imagem sequer ou ouvido referência noticiosa de especial destaque à claríssima conquista pelas equipas feminina e masculina portuguesas da II Liga da Taça da Europa de Atletismo (em Telavive) , que teve como consequência imediata o esperado regresso do nosso país à I.iga da modalidade ?
ver	nacional) que nem sequer em repetição foi visto ?
ver	E se o PS de Guterres , sem maioria absoluta , é o que temos visto , imagine-se o que seria se a obtivesse ...
ver	Há indignação e mal-estar quando os agricultores continuam a ser marginalizados , tendo visto nestes quatro anos o seu rendimento diminuir cerca de 14% e quando vêem que não há escoamento para .
ver	Quando vinha do estrangeiro ficava profundamente afectado , porque começava a contar coisas que tinha visto e os amigos que estavam comigo alertavam-me .
n-é-verbo	Para mais , a polícia , a temível « Royal Ulster Constabulary » , é conhecida por um escandaloso partidarismo visto que os seus efectivos são constituídos por protestantes .
ver	Sem hesitações , deve ser posta de lado « a ideia redutora das virtudes absolutas do mercado » , o poder económico deve deixar de ser visto como único motor de desenvolvimento e tem que ser reconhecido « o papel interventor e/ou dinamizador do Estado em todas as áreas da actividade económica e social do País » .
ver	Resta que quem a tenha visto se congratule pela sorte que teve , mesmo um ano depois .
n-é-verbo	país sem prévia obtenção de visto .
n-é-verbo	Numerosas pessoas , incentivadas pelo privilégio de entrar sem visto nos Estados Unidos , decidiram abandonar ilegalmente o país através dessa instituição militar , mantida à força em Cuba .
ver	Após realçar a gravidade do problema , a Intersindical Nacional chama a atenção para « os utentes que certamente morreram por não terem visto os seus problemas de saúde resolvidos atempadamente e outros cujo estado de saúde se agravou devido às longas esperas » .
ver	Quando se fizer a história destes dias , Neville Chamberlain não sairá bem visto .
ver	O facto de se terem visto forçados a abandonar o plano de invasão da Grã-Bretanha já constituía , em si , uma .
ver	Finalmente : Tudo isto só será motivo de espanto para quem não tenha visto os antecedentes da « operação Kosovo » : a exploração a fundo de um problema para avançar uma política que vinha sendo implementada desde há quase uma década : o desmembramento e destruição da República Federal da Jugoslávia .
ver	Aparecem também « testemunhas » que dizem ter visto Mumia disparar sobre o polícia : um taxista clandestino e três prostitutas com longo cadastro na polícia de Filadélfia .
ver	Quer ele dizer uma Grã-Bretanha onde o « valor » de um condutor do « metro » de Londres , o de um jovem sem trabalho ou o de um reformado , seja visto e equacionado de maneira igual ao dos presidentes do Barclays ou da British Telecom .
ver	Sempre que alguém era visto a falar comigo era .
ver	O criminoso é visto a partir do crime cometido e não antes , quando as portas fechadas da sociedade não lhe deixaram outra opção de .
n-é-verbo	Em segundo lugar , o facto de desenvolvermos a nossa acção internacional tendo em conta prioridades bem definidas (visto não podermos « ir a todas » , dado existirem limites e condicionantes materiais concretos) , ligadas aos interesses .
ver	Numa casa que também teria que largar por ter sido visto de lá a sair por um camarada conhecido , procurando então casa em Setúbal , que não chegaria a ocupar .
ver	O recurso à greve é visto como inevitável , depois do « completo fracasso » do grupo de trabalho que juntou sindicalistas e representantes do Governo .
n-é-verbo	« É uma administração que funciona em português para 97% da população chinesa , que não fala português » , afirma , explicando que aceder à Justiça é um processo caro e complicado visto envolver intermediários de ambas as .
ver	No ano seguinte , porém , a Inglaterra viveria , perplexa , o escândalo resultante de revelações publicadas pelo « Daily Star » segundo as quais Jeffrey Archer teria sido visto em Mayfair (um dos mais elegantes e afluentes bairros londrinos) na companhia de uma prostituta , Monica Coghlan , a quem pagara 2000 libras .
?#	Contudo , isso aconteceu porque do ponto de visto ideológico não compreendemos a importância dos locais de trabalho .
n-é-verbo	Senhores do mundo muito aborrecidos Dada a grandiosidade das manifestações , após se terem visto impedidos , logo no primeiro dia , de chegar ao centro de congressos onde a conferência da OMC se realizou .
ver	Na verdade , António Guterres superou-se , ultrapassou-se , excedeu-se : o seu discurso foi mais redondo e fofo do que nunca , os lugares comuns a que recorreu sucederam-se a um ritmo jamais visto e pelo seu rosto desfilaram inigualáveis expressões de alegria , de mágoa , de esperança , de dor , de certeza expressões impecavelmente sincronizadas com as palavras , o tom de voz e os gestos produzidos .
n-é-verbo	visto o que sons e imagens nos transmitem em directo .
ver	Aliás , porque só mesmo um cego poderia deixar de ter visto uma coisa que salta à vista , é impossível que os técnicos que conduziram tais estudos não tenham dado conta de nove evidências fundamentais .
ver	situação em concreto de um dos grandes agrários agora premiado pelo Tribunal Europeu dos Direitos do Homem depois de ter visto recusadas todas as suas pretensões pelas mais diversas instâncias judiciais portuguesas desde o Tribunal Cível de Lisboa (14/1/93) .
n-é-verbo	As zaragatas internas do PSD , têm vindo a ocupar parte considerável do tempo e do espaço da generalidade dos órgãos de comunicação social isto apesar de a abundância de candidatos à liderança laranja não passar de uma ilusão quanto à diversidade da oferta visto não ser detectável qualquer diferença de fundo entre eles , bem pelo contrário .
ver	Não se diga que as coisas não estariam a acontecer como ele previu que viessem a acontecer pois ele não pode ser visto como um Bandarra , não construiu modelos , não disse « vai ser assim » .
ver	aparecer na frente , ser visto .
ver	Mais recentemente , Maria Velho da Costa publicou uma peça excelente , Madame , e vários são os mais jovens escritores que têm visto (com relativa celeridade) as suas peças publicadas , encenadas e até premiadas .
ver	Para a coligação governamental (aliança de socialistas e democrata-crist ãos) , o regresso de Pinochet ao Chile é visto como positivo .
ver	E muitas vezes , o superior é visto como um adiamento do problema da entrada no mercado de trabalho .
ver	A circunstância de apenas poder ser visto por quem recebe a TV por cabo limita muito , já se vê , o seu impacto nacional e exlui-o praticamente da sacrossanta guerra de audiências , mas não tanto quanto talvez se pense .
ver	Lembro-me de ser « filha » da « criada » , talvez no IV Congresso , sempre a cirandar no jardim da vivenda onde se realizou , para poder avisar lá para dentro de algum movimento anormal no exterior ; lembro-me da sala fechada onde os camaradas reuniam , de ter visto raros e esses , sobretudo , durante a noite , tudo às escuras , vigiando à vez atrás das cortinas .
n-é-verbo	Os EUA reconheceram que Elián González deve ser entregue à custódia do pai , a quem concederam visto para entrar no país , mas o processo ainda não terminou .
ver	É por exemplo muito provável que , se não se tivesse verificado a coincidência da persistente intervenção de um produtor e de um crítico , em particular , uma das mais impressionantes gravações em todo um século de vida que o jazz traz já atrás de si jamais tivesse visto a luz do dia .
n-é-verbo	A definição comum da lista dos 121 países a cujos cidadãos é exigido um « visto » para entrada num dos Estados-membros .
ver	A tradicional reunião da Primavera no Fundo Monetário Internacional (FMI) dos ministros das Finanças dos sete países mais ricos do mundo (G7) ficou este ano assinalada por fortes protestos populares , que só não conseguiram impedir o evento devido ao recurso por parte das autoridades do maior dispositivo de segurança visto em Washington nos últimos anos .
ver	Mas não : os ingratos , a mando do PCP , fazem greves e manifestações e buzinões ; exigem aumentos de salários e não de preços ; reivindicam emprego com direitos e a enfim , incomodam o senhor engenheiro com protestos descabidos e , pior do que isso , deixam o Governo mal visto junto dos donos do País e da Europa .
ver	Ao contrário , o Presidente do Brasil (que criticou as manifestações populares como « fascistas , de meia dúzia de gatos pingados » ) foi visto como o representante da violência herdada do colonialismo e do poder oligárquico que permanece entranhado na sociedade .
ver	Nos rapazes , é visto como uma coisa normal da idade .
ver	Por outro lado , o 13º. ano é visto como mais uma forma de reter os alunos no ensino secundário e de os pôr a 'marcar passo ' no ingresso no superior .
ver	Fá-lo , no entanto e como se tem visto , através de uma táctica tosca que evidência flagrante falta de confiança no êxito da operação .
ver	Entregue à última da hora , quando já se percebia que a bancada socialista não tinha argumentos para contrariar a gritante injustiça social em que vivem milhares de aposentados da função pública , o projecto de resolução foi visto como um artifício para tentar branquear a sua inexplicável atitude .
ver	Recentemente , uma criança de 10 anos passou mais de dois meses detida porque uma vizinha disse às autoridades ter visto como « tocava » a irmã ; a polícia tratou-o como um perigoso criminoso , obrigando-o a deitar-se no chão e pondo-lhe grilhetas nos pés sempre que teve de deslocar-se entre o comissariado da polícia e o tribunal .
ver	Nunca por ali se tinha visto alguém tão famoso e tanta linda gente .
ver	Considerando « inadmissível » que « Soares seja tratado como um 'traficante ' " ou que « Rocha Vieira seja visto como um 'oportunista ' " , e isto porque , segundo o editorialista , « parece existir a intenção de ferir o antigo colonizador , de o magoar , de o levar a ter má consciência da acção que desenvolveu » , acaba por não apresentar , em relação a qualquer dos visados , nenhuma defesa digna de crédito .
ver	« Sabendo-se que a lotação não vai esgotar , comprar antecipadamente a EP tem de ser visto como um acto de militância » , observa Fernando Vicente .
ver	Saliente-se que desde a sua tomada de posse , em Setembro de 1999, nunca se tinham visto tantos comissários juntos … .
ver	O sítio web da LBO pode ser visto em .
ver	Lamentavelmente temos visto como o complicado sistema norte-americano tem agido em favor de interesses que são os da mafia cubana contra-revolucionária que habita em alguns lugares dos EUA , particularmente em Miami e que consegue , com diversos subterfúgios , dilatar este processo .
ver	Àparte isso , para já , a avaliar o que se tem visto , este Europeu veio revelar ao Mundo o poder do futebol-técnica sobre o futebol-força .
ver	Porque o socialismo não deve ser visto -- sublinhou -- apenas pelo prisma da eficiência .
n-é-verbo	Se a tudo isto juntarmos os imigrantes ilegais que trabalham numa semi-escravidão , do novo decreto lei que dá visto temporário de cinco anos aos imigrantes ilegais que possuam contrato legal com as empresas , elogiado de pronto por Le Pen , e todas as condições degradantes que os imigrantes vivem numa Europa que aposta na Internet (quando mais de metade do mundo nem electricidade tem) , o filme de Mizoguchi já não nos parece tão anacrónico assim (e isto sem entrar no melindroso campo sobre o papel fundamental da Arte no mundo actual) .
ver	Repita-se então até cansar que a nova lei , fora de qualquer laxismo mas no pressuposto básico de que o consumidor de drogas deve ser visto como um doente e não como um criminoso , deixou de considerar esse consumo (atenção , é o consumo , não o tráfico!) como crime e de para ele prever a aplicação de penas de prisão .
ver	Este retardamento táctico estratégico da remodelação visto com bons olhos por alguns ministros ...
ver	À saída , o secretário-geral do PCP foi questionado por jornalistas a quem , depois de manifestar o seu agrado pelo que havia visto e pelas informações que recebera , colocou as apreensões dos comunistas face à política que o Governo do PS insiste em levar por diante , sem ter em conta as dificuldades com que os portugueses se debatem e os verdadeiros dramas que atingem as camadas mais desfavorecidas da população .
ver	Este , depois de ter visto as obras do grande realizador , oferta-o com um posto bastante inesperado : o lugar de supervisor dos filmes do grande estúdio alemão Ufa .
n-é-verbo	Depois , e visto que esse tal candidato democrático (que passa por ser mais uma figura nacionalista neste panorama europeu tão assustador) não ganhou à primeira , uma revolta popular aconteceu , envolto numa alegria pusilânime ocidental .
ver	Alguns , muito pragmáticos , que por equívoco a tenham visto , dirão talvez que são coisas chatas mas distantes , que não nos interessam , que não temos nada com isso .
ver	Como é visto o comunismo nos Estados Unidos ?
ver	Como é visto o comunismo pelos americanos ?
ver	Claro que há muita , muita gente que não sabe nada e para esses o Partido não é visto como uma ameaça , mas algo estranho , esquisito .
ver	Assim , posto que a Nato é completamente dominada pelos americanos , temos visto os restantes membros daquela associação de assaltantes serem arrastados para guerras que os respectivos povos não desejam nem compreendem e para decisões perigosas , assassinas , executadas no âmbito dessas guerras .
ver	Seria antes o inêxito de toda a cidade e da sua população que nos últimos tempos tem visto o seu orgulho ferido sucessivamente por episódios lamentáveis cuja responsabilidade pode ser atribuída , no fundamental , aos autarcas e responsáveis políticos do PS e do PSD .
ver	Quando saiu « Uma Aventura no Egipto » , recebemos uma carta de um rapaz de 10 anos a dizer que tinha gostado muito porque já tinha visto no canal « História » um programa sobre a descoberta do túmulo de Tutankamon .
ver	Temos visto que os problemas que apontamos como as causas fundamentais para o ensino superior se encontrar no estado em que está , são os mesmos que as associações de estudantes apontam como os mais graves .
ver	Os seus habitantes sobreviveram ao duplo envolvimento do exército muçulmano e ao que foi provavelmente o mais intenso bombardeamento jamais visto .
ver	Os 15 trabalhadores estão em « greve pela sobrevivência » , pois « tudo indica que para o mês de Janeiro também não haja salário » , sustenta a União , sublinhando que o patrão « não é visto na empresa desde Dezembro » , refere o sindicato .
ver	Kennedy , portanto , deixava de ser visto como alguém que empunhava a mensagem de esperança que o mundo exigia .
ver	Ao que parece , o Big Brother caíu no goto dos portugueses : veio para ficar , chegou , foi visto e venceu ou , dito de outra forma , o seu « formato conquistou o público português » .
ver	Uma constante nele -- como salienta Remy Herrera , do CNRS de Paris -- é a apologia de um capitalismo novo visto e apresentado como o único concebível à luz da teoria .
ver	Como temos visto trata-se de uma tarefa simples : basta elaborar uma « moção » , marcar uma data e esperar que o tempo passe .
ver	« O.ue nos diferência não são as soluções técnicas de gestão , são , isso sim , os valores essenciais que desenvolvemos na experiência do dia a dia » , dos quais o candidato destaca a prioridade absoluta ao interesse público , « visto como os direitos e as aspirações da imensa maioria da população , a começar pelos que mais sofrem com esta política injusta e errada » , o apego e a entrega à participação do próprio povo na construção das soluções para os seus problemas , o compromisso com a sustentabilidade da cidade e dos seus recursos e a valorização da identidade de Coimbra .
ver	Por acaso , não me lembro de ter visto por lá nenhum comunista , omissão talvez casual ou , o que é mais provável , significativa de que , como tantos outros , Paula trabalha e convida afinal em harmonia com aquela regra que um dia foi definida por escrito por um censor fascista que só por isso ganhou lugar na História da ditadura : « o partido comunista não existe » .
ver	Tempos depois , é apanhado o assassino , que beneficiava de uma liberdade provisória (creio que de Natal …) , para ir visitar a família … Então , quando lhe disseram que lá no carro também havia uma criança , ele declarou que , se a tivesse visto , a tinha matado logo .
ver	O pleno emprego é agora visto como um instrumento importante para fazer face ao desafio do envelhecimento da população .
ver	A RGA considera que o insucesso escolar não pode ser visto como responsabilidade exclusiva dos estudantes e que a Acção Social Escolar tem efectivamente de concretizar o direito à igualdade de oportunidades de acesso , frequências e sucesso escolar .
ver	Tudo visto , o que sobra é a evidência de que , em dias alucinantes e de alucinação , ai dos que têm juízo .
ver	Criança-homem , veste o seu fato de domingo , o seu único fato , para a levar ao mais surreal , logo inesquecível baile já visto no Cinema (todo o surrealismo é uma constante luta contra o esquecimento) .
ver	Aliás , a Câmara Municipal não pode intervir nos terrenos , nem sequer ao nível da iluminação , e tem visto recusadas pela Soflusa as suas propostas de colaboração na manutenção de espaços verdes e limpeza .
ver	Não obstante os limites dos objectivos fixados pelo Governo e as insuficiências de meios com que o trabalho foi feito , pelo que esse relato deve de ser visto em perspectiva e tomado com reserva .
ver	Já se tinha visto muita coisa no panorama informativo português , com realce para os noticiários televisivos .
ver	O que foi visto por variados sectores como uma cedência perante a Conferência Episcopal .
ver	E , contudo , eu e outros como eu , minadinhos pela obsolescência , ainda incapazes de nos entregarmos aos critérios de pragmatismo e nenhuns complexos a que nos convida a grandessíssima modernidade em que o Ocidente mergulhou , temos pena por o programa só ter sido visto e ouvido por poucos , se é que por alguns .
ver	A estagnação do concelho deve-se ao facto da CDU não ter visto « renovado o seu mandato em 1997, mesmo tendo obtido uma soma maior de votos que aquele que havia conseguido em 1994 " .
ver	Se as populações protestam , manda sobre elas cargas policiais como nunca se tinha visto (quem não se lembra do brutal aparato policial de Bigorne?) .
ver	Puseram em causa a nossa qualidade sem nunca terem visto nada do grupo » , declara Ricardo Miguel .
ver	Mas o que se tem visto , no essencial , é a criação de centenas de estruturas paralelas da Administração Pública , desmultiplicando-se em Institutos , Fundações e Associações , em muitos casos com sobreposições ao que existe .
ver	29 das 42 divisões iraquianas no teatro de guerra do Koweit já tinham sido aniquiladas por um potencial de fogo , incluindo componentes nucleares , nunca visto .
ver	de serviço militar Miguel Boeiro candidato em Alcochete Miguel Boieiro novamente candidato em Alcochete « Evoluir a um ritmo nunca visto » Foram apresentados no domingo , num jantar com cerca de duas centenas e meia de pessoas , os candidatos .
ver	« Alcochete está hoje diferente para melhor , dizem as sondagens de opinião e vemos nós e sentimos nós , no quotidiano » , afirmou o presidente da autarquia que considerou este um importante estímulo para o prosseguimento do trabalho de evolução de Alcochete , que « avança a um ritmo veloz , nunca visto » .
ver	O filme « O.ladiador » foi o mais visto (24 milhões de espectadores) , seguindo-se « Toy Story 2 » (23,75 milhões) e « Beleza americana » (21,4 milhões) .
ver	As abstenções foram em número jamais visto .
ver	Nunca se tinha visto um tão largo apoio da imprensa britânica a um primeiro ministro trabalhista .
ver	Manuel Morais afirmou que a população do concelho , constituída maioritariamente por idosos , « tem visto degradar-se todo o sistema de saúde e de prestação dos cuidados primários de saúde ; são os postos médicos nas aldeias que encerram ou deixam de funcionar regularmente , é o próprio Centro de Saúde que perde valências e não possui meios complementares de diagnóstico » , bem como a própria agricultura , área relevante na economia da região , que « está nas Ruas da amargura » .
ver	« É totalmente inaceitável que as crianças e os jovens tenham visto piorar as suas condições de vida desde 1989 ", declarou o presidente do comité sueco da UNICEF .
n-é-verbo	Solbes Mira identifica uma « forte complementaridade » no comércio entre estes países com a UE , « com uma tendência da UE para se especializar em bens de elevada tecnologia (o que não é inteiramente verdade total visto que a própria UE tem uma balança agro-alimentar positiva com esses países) e os países candidatos a moverem-se gradualmente de produtos intensivos em recursos para sectores mais trabalho-intensivos » .
?#	O « Não " visto de Londres Palavras de « The Daily Telegraph » , no dia seguinte ao do referendo irlandês .
ver	Almeida Henriques , por seu turno , confirma o facto de , em 1993/94, ter havido degradação qualitativa e quantitativa da água , devido a um fenómeno de seca nunca visto .
ver	Domingo Cavallo , o célebre ministro das Finanças , bem visto em Wall Street e na City , afirmou .
ver	Ouvi o recontar dos que haviam presenciado os embates dos aviões , que haviam visto os corpos caírem , as chamas e os desmoronamentos .
ver	Acusando a maioria socialista de ter « tirado da cartola » obras que preparam « um cenário de azáfama nunca visto durante quatro anos » , a deputada do PCP entende que « ou havia dinheiro e se optou por sacrificar o concelho durante três anos , protelando todas as obras para 2001, por razões meramente eleitorais , ou , pelas mesmas razões , a maioria socialista optou pelo endividamento da autarquia , resolvendo dar respostas de qualquer forma a problemas que , de forma planificada , atempada e oportuna se recusou a resolver » .
ver	Um povo como o destas Ilhas não pode aceitar , também , que o primeiro-ministro declare ter visto as provas preparadas nos Estados Unidos contra ben Laden , mas não poder torná-las públicas .
ver	Faz lembrar o cardeal Cerejeira que dizia ter visto uma carta enviada por Nossa Senhora à irmã Lúcia , mas não podia revelar o respectivo conteúdo .
ver	A resposta é negativa porque , quer em valor absoluto quer em termos relativos , os bancários têm visto o seu poder de compra drasticamente reduzido .
ver	Infelizmente , o comunismo ainda é visto por muita gente com receio devido à falta de informação .
ver	Noutros locais houve carros a bloquear o acesso às secções de voto , a explosão de uma granada que feriu 13 pessoas e um filho de um ministro foi visto a encher urnas com cerca de 100 votos .
ver	Entre o muito que vi nessa matéria , e não hei-de ter visto tudo , destaco a lata de um sujeito que entrevistou rapidamente Jerónimo de Sousa e , perante respostas que de modo nenhum se aproximavam do que lhe conviria , mesmo nas barbas do entrevistado fez um suposto 'resumo ' do que em vão lhe apetecera ouvir .
ver	Hoje , quando as pseudo-teorias apologéticas do capitalismo actual se afundam perante a realidade , importa relembrar que houve quem tivesse visto certo , mesmo quando isso não era compreendido .
